[0m20:14:25.943071 [debug] [MainThread]: Sending event: {'category': 'dbt', 'action': 'invocation', 'label': 'start', 'context': [<snowplow_tracker.self_describing_json.SelfDescribingJson object at 0x10a2f8ad0>, <snowplow_tracker.self_describing_json.SelfDescribingJson object at 0x10b257890>, <snowplow_tracker.self_describing_json.SelfDescribingJson object at 0x10b2579d0>]}


============================== 20:14:25.944926 | fa19714a-c02d-45dc-b17f-1b150127b946 ==============================
[0m20:14:25.944926 [info ] [MainThread]: Running with dbt=1.11.7
[0m20:14:25.945165 [debug] [MainThread]: running dbt with arguments {'warn_error_options': 'WarnErrorOptionsV2(error=[], warn=[], silence=[])', 'indirect_selection': 'eager', 'use_experimental_parser': 'False', 'static_parser': 'True', 'version_check': 'True', 'send_anonymous_usage_stats': 'True', 'use_colors': 'True', 'fail_fast': 'False', 'log_cache_events': 'False', 'cache_selected_only': 'False', 'debug': 'False', 'log_path': 'logs', 'printer_width': '80', 'introspect': 'True', 'quiet': 'False', 'empty': 'None', 'no_print': 'None', 'partial_parse': 'True', 'profiles_dir': '/Users/robertodavidpalaciosguerra/.dbt', 'target_path': 'None', 'invocation_command': 'dbt init bitcoin_cash', 'write_json': 'True', 'log_format': 'default', 'warn_error': 'None'}
[0m20:14:25.948964 [info ] [MainThread]: Creating dbt configuration folder at /Users/robertodavidpalaciosguerra/.dbt
[0m20:14:25.949499 [debug] [MainThread]: Starter project path: /Users/robertodavidpalaciosguerra/Desktop/Astrafy/astrafy-dbt/.venv/lib/python3.13/site-packages/dbt/include/starter_project
[0m20:14:25.952466 [info ] [MainThread]: 
Your new dbt project "bitcoin_cash" was created!

For more information on how to configure the profiles.yml file,
please consult the dbt documentation here:

  https://docs.getdbt.com/docs/configure-your-profile

One more thing:

Need help? Don't hesitate to reach out to us via GitHub issues or on Slack:

  https://community.getdbt.com/

Happy modeling!

[0m20:14:25.952658 [info ] [MainThread]: Setting up your profile.
[0m20:40:30.540991 [info ] [MainThread]: Profile bitcoin_cash written to /Users/robertodavidpalaciosguerra/.dbt/profiles.yml using target's profile_template.yml and your supplied values. Run 'dbt debug' to validate the connection.
[0m20:40:30.895630 [debug] [MainThread]: Resource report: {"command_name": "init", "command_success": true, "command_wall_clock_time": 1564.9735, "process_in_blocks": "0", "process_kernel_time": 0.157899, "process_mem_max_rss": "217366528", "process_out_blocks": "0", "process_user_time": 0.893556}
[0m20:40:30.897349 [debug] [MainThread]: Command `dbt init` succeeded at 20:40:30.897134 after 1564.98 seconds
[0m20:40:30.898049 [debug] [MainThread]: Sending event: {'category': 'dbt', 'action': 'invocation', 'label': 'end', 'context': [<snowplow_tracker.self_describing_json.SelfDescribingJson object at 0x113519940>, <snowplow_tracker.self_describing_json.SelfDescribingJson object at 0x10b298170>, <snowplow_tracker.self_describing_json.SelfDescribingJson object at 0x1135ec490>]}
[0m20:40:30.898718 [debug] [MainThread]: Flushing usage events
[0m20:40:31.379938 [debug] [MainThread]: An error was encountered while trying to flush usage events
[0m20:40:37.534004 [debug] [MainThread]: Sending event: {'category': 'dbt', 'action': 'invocation', 'label': 'start', 'context': [<snowplow_tracker.self_describing_json.SelfDescribingJson object at 0x10ae1cad0>, <snowplow_tracker.self_describing_json.SelfDescribingJson object at 0x10bd7b890>, <snowplow_tracker.self_describing_json.SelfDescribingJson object at 0x10bd7b9d0>]}


============================== 20:40:37.535695 | b0e3cbe8-9e93-4dd0-8cd9-8d10bad01840 ==============================
[0m20:40:37.535695 [info ] [MainThread]: Running with dbt=1.11.7
[0m20:40:37.535939 [debug] [MainThread]: running dbt with arguments {'target_path': 'None', 'empty': 'None', 'invocation_command': 'dbt debug', 'introspect': 'True', 'static_parser': 'True', 'warn_error': 'None', 'warn_error_options': 'WarnErrorOptionsV2(error=[], warn=[], silence=[])', 'profiles_dir': '/Users/robertodavidpalaciosguerra/.dbt', 'fail_fast': 'False', 'write_json': 'True', 'log_path': 'logs', 'log_cache_events': 'False', 'partial_parse': 'True', 'printer_width': '80', 'no_print': 'None', 'quiet': 'False', 'debug': 'False', 'indirect_selection': 'eager', 'log_format': 'default', 'use_experimental_parser': 'False', 'cache_selected_only': 'False', 'use_colors': 'True', 'version_check': 'True', 'send_anonymous_usage_stats': 'True'}
[0m20:40:37.539729 [info ] [MainThread]: dbt version: 1.11.7
[0m20:40:37.539856 [info ] [MainThread]: python version: 3.13.12
[0m20:40:37.539960 [info ] [MainThread]: python path: /Users/robertodavidpalaciosguerra/Desktop/Astrafy/astrafy-dbt/.venv/bin/python3.13
[0m20:40:37.540060 [info ] [MainThread]: os info: macOS-26.3.1-arm64-arm-64bit-Mach-O
[0m20:40:38.025373 [info ] [MainThread]: Using profiles dir at /Users/robertodavidpalaciosguerra/.dbt
[0m20:40:38.025607 [info ] [MainThread]: Using profiles.yml file at /Users/robertodavidpalaciosguerra/.dbt/profiles.yml
[0m20:40:38.025718 [info ] [MainThread]: Using dbt_project.yml file at /Users/robertodavidpalaciosguerra/Desktop/Astrafy/astrafy-dbt/dbt_project.yml
[0m20:40:38.025826 [info ] [MainThread]: adapter type: bigquery
[0m20:40:38.025926 [info ] [MainThread]: adapter version: 1.11.1
[0m20:40:38.026046 [info ] [MainThread]: Configuration:
[0m20:40:38.026138 [info ] [MainThread]:   profiles.yml file [[32mOK found and valid[0m]
[0m20:40:38.026237 [info ] [MainThread]:   dbt_project.yml file [[31mERROR not found[0m]
[0m20:40:38.026332 [info ] [MainThread]: Required dependencies:
[0m20:40:38.026469 [debug] [MainThread]: Executing "git --help"
[0m20:40:38.040987 [debug] [MainThread]: STDOUT: "b"usage: git [-v | --version] [-h | --help] [-C <path>] [-c <name>=<value>]\n           [--exec-path[=<path>]] [--html-path] [--man-path] [--info-path]\n           [-p | --paginate | -P | --no-pager] [--no-replace-objects] [--no-lazy-fetch]\n           [--no-optional-locks] [--no-advice] [--bare] [--git-dir=<path>]\n           [--work-tree=<path>] [--namespace=<name>] [--config-env=<name>=<envvar>]\n           <command> [<args>]\n\nThese are common Git commands used in various situations:\n\nstart a working area (see also: git help tutorial)\n   clone      Clone a repository into a new directory\n   init       Create an empty Git repository or reinitialize an existing one\n\nwork on the current change (see also: git help everyday)\n   add        Add file contents to the index\n   mv         Move or rename a file, a directory, or a symlink\n   restore    Restore working tree files\n   rm         Remove files from the working tree and from the index\n\nexamine the history and state (see also: git help revisions)\n   bisect     Use binary search to find the commit that introduced a bug\n   diff       Show changes between commits, commit and working tree, etc\n   grep       Print lines matching a pattern\n   log        Show commit logs\n   show       Show various types of objects\n   status     Show the working tree status\n\ngrow, mark and tweak your common history\n   backfill   Download missing objects in a partial clone\n   branch     List, create, or delete branches\n   commit     Record changes to the repository\n   merge      Join two or more development histories together\n   rebase     Reapply commits on top of another base tip\n   reset      Reset current HEAD to the specified state\n   switch     Switch branches\n   tag        Create, list, delete or verify a tag object signed with GPG\n\ncollaborate (see also: git help workflows)\n   fetch      Download objects and refs from another repository\n   pull       Fetch from and integrate with another repository or a local branch\n   push       Update remote refs along with associated objects\n\n'git help -a' and 'git help -g' list available subcommands and some\nconcept guides. See 'git help <command>' or 'git help <concept>'\nto read about a specific subcommand or concept.\nSee 'git help git' for an overview of the system.\n""
[0m20:40:38.041415 [debug] [MainThread]: STDERR: "b''"
[0m20:40:38.041545 [info ] [MainThread]:  - git [[32mOK found[0m]

[0m20:40:38.041672 [info ] [MainThread]: Connection:
[0m20:40:38.041833 [info ] [MainThread]:   method: service-account
[0m20:40:38.041941 [info ] [MainThread]:   database: astrafy-challenge-489617
[0m20:40:38.042037 [info ] [MainThread]:   execution_project: astrafy-challenge-489617
[0m20:40:38.042140 [info ] [MainThread]:   schema: staging
[0m20:40:38.042239 [info ] [MainThread]:   location: EU
[0m20:40:38.042334 [info ] [MainThread]:   priority: interactive
[0m20:40:38.042430 [info ] [MainThread]:   maximum_bytes_billed: None
[0m20:40:38.042534 [info ] [MainThread]:   impersonate_service_account: None
[0m20:40:38.042634 [info ] [MainThread]:   job_retry_deadline_seconds: None
[0m20:40:38.042731 [info ] [MainThread]:   job_retries: 1
[0m20:40:38.042823 [info ] [MainThread]:   job_creation_timeout_seconds: None
[0m20:40:38.042917 [info ] [MainThread]:   job_execution_timeout_seconds: 300
[0m20:40:38.043013 [info ] [MainThread]:   timeout_seconds: 300
[0m20:40:38.043104 [info ] [MainThread]:   client_id: None
[0m20:40:38.043198 [info ] [MainThread]:   token_uri: None
[0m20:40:38.043291 [info ] [MainThread]:   compute_region: None
[0m20:40:38.043382 [info ] [MainThread]:   dataproc_cluster_name: None
[0m20:40:38.043477 [info ] [MainThread]:   gcs_bucket: None
[0m20:40:38.043568 [info ] [MainThread]:   dataproc_batch: None
[0m20:40:38.043866 [info ] [MainThread]: Registered adapter: bigquery=1.11.1
[0m20:40:38.420627 [debug] [MainThread]: Acquiring new bigquery connection 'debug'
[0m20:40:38.420929 [debug] [MainThread]: On debug: select 1 as id
[0m20:40:38.421115 [debug] [MainThread]: Opening a new connection, currently in state init
[0m20:40:38.421294 [debug] [MainThread]: BigQuery adapter: Got an error when attempting to create a bigquery " "client: '[Errno 2] No such file or directory: '/Users/robertodavidpalaciosguerra/.dbt/dbt-sa-key.json''
[0m20:40:38.421444 [debug] [MainThread]: BigQuery adapter: Unhandled error while running:
select 1 as id
[0m20:40:38.421572 [debug] [MainThread]: BigQuery adapter: Database Error
  [Errno 2] No such file or directory: '/Users/robertodavidpalaciosguerra/.dbt/dbt-sa-key.json'
[0m20:40:38.421710 [info ] [MainThread]:   Connection test: [[31mERROR[0m]

[0m20:40:38.421891 [info ] [MainThread]: [31m2 checks failed:[0m
[0m20:40:38.422000 [info ] [MainThread]: Project loading failed for the following reason:
 project path </Users/robertodavidpalaciosguerra/Desktop/Astrafy/astrafy-dbt/dbt_project.yml> not found

[0m20:40:38.422106 [info ] [MainThread]: dbt was unable to connect to the specified database.
The database returned the following error:

  >'NoneType' object has no attribute 'close'

Check your database credentials and try again. For more information, visit:
https://docs.getdbt.com/docs/configure-your-profile


[0m20:40:38.424165 [debug] [MainThread]: Resource report: {"command_name": "debug", "command_success": false, "command_wall_clock_time": 0.91587764, "process_in_blocks": "0", "process_kernel_time": 0.187647, "process_mem_max_rss": "219299840", "process_out_blocks": "0", "process_user_time": 0.929842}
[0m20:40:38.424531 [debug] [MainThread]: Command `dbt debug` failed at 20:40:38.424487 after 0.92 seconds
[0m20:40:38.424723 [debug] [MainThread]: Sending event: {'category': 'dbt', 'action': 'invocation', 'label': 'end', 'context': [<snowplow_tracker.self_describing_json.SelfDescribingJson object at 0x11411f360>, <snowplow_tracker.self_describing_json.SelfDescribingJson object at 0x113f69d90>, <snowplow_tracker.self_describing_json.SelfDescribingJson object at 0x1140e8f30>]}
[0m20:40:38.424893 [debug] [MainThread]: Flushing usage events
[0m20:40:38.897387 [debug] [MainThread]: An error was encountered while trying to flush usage events
